<html>
<head>
<title>TestNG:  Test</title>
<link href="../testng.css" rel="stylesheet" type="text/css" />
<link href="../my-testng.css" rel="stylesheet" type="text/css" />

<style type="text/css">
.log { display: none;} 
.stack-trace { display: none;} 
</style>
<script type="text/javascript">
<!--
function flip(e) {
  current = e.style.display;
  if (current == 'block') {
    e.style.display = 'none';
    return 0;
  }
  else {
    e.style.display = 'block';
    return 1;
  }
}

function toggleBox(szDivId, elem, msg1, msg2)
{
  var res = -1;  if (document.getElementById) {
    res = flip(document.getElementById(szDivId));
  }
  else if (document.all) {
    // this is the way old msie versions work
    res = flip(document.all[szDivId]);
  }
  if(elem) {
    if(res == 0) elem.innerHTML = msg1; else elem.innerHTML = msg2;
  }

}

function toggleAllBoxes() {
  if (document.getElementsByTagName) {
    d = document.getElementsByTagName('div');
    for (i = 0; i < d.length; i++) {
      if (d[i].className == 'log') {
        flip(d[i]);
      }
    }
  }
}

// -->
</script>

</head>
<body>
<h2 align='center'>Test</h2><table border='1' align="center">
<tr>
<td>Tests passed/Failed/Skipped:</td><td>24/1/0</td>
</tr><tr>
<td>Started on:</td><td>Fri Aug 20 09:52:31 IST 2021</td>
</tr>
<tr><td>Total time:</td><td>20 seconds (20646 ms)</td>
</tr><tr>
<td>Included groups:</td><td></td>
</tr><tr>
<td>Excluded groups:</td><td></td>
</tr>
</table><p/>
<small><i>(Hover the method name to see the test class name)</i></small><p/>
<table width='100%' border='1' class='invocation-failed'>
<tr><td colspan='4' align='center'><b>FAILED TESTS</b></td></tr>
<tr><td><b>Test method</b></td>
<td width="30%"><b>Exception</b></td>
<td width="10%"><b>Time (seconds)</b></td>
<td><b>Instance</b></td>
</tr>
<tr>
<td title='PasswordManagerTests.RegistrationTest.emptyPasswordFieldTest()'><b>emptyPasswordFieldTest</b><br>Test class: PasswordManagerTests.RegistrationTest</td>
<td><div><pre>java.lang.AssertionError: expected [true] but found [false]
	at PasswordManagerTests.RegistrationTest.emptyPasswordFieldTest(RegistrationTest.java:201)
	at java.base/java.util.ArrayList.forEach(ArrayList.java:1511)
	at java.base/java.util.concurrent.FutureTask.run(FutureTask.java:264)
	at java.base/java.util.concurrent.ThreadPoolExecutor.runWorker(ThreadPoolExecutor.java:1130)
	at java.base/java.util.concurrent.ThreadPoolExecutor$Worker.run(ThreadPoolExecutor.java:630)
	at java.base/java.lang.Thread.run(Thread.java:832)
... Removed 22 stack frames</pre></div><a href='#' onClick='toggleBox("stack-trace635264484", this, "Click to show all stack frames", "Click to hide stack frames")'>Click to show all stack frames</a>
<div class='stack-trace' id='stack-trace635264484'><pre>java.lang.AssertionError: expected [true] but found [false]
	at org.testng.Assert.fail(Assert.java:99)
	at org.testng.Assert.failNotEquals(Assert.java:1037)
	at org.testng.Assert.assertTrue(Assert.java:45)
	at org.testng.Assert.assertTrue(Assert.java:55)
	at PasswordManagerTests.RegistrationTest.emptyPasswordFieldTest(RegistrationTest.java:201)
	at java.base/jdk.internal.reflect.NativeMethodAccessorImpl.invoke0(Native Method)
	at java.base/jdk.internal.reflect.NativeMethodAccessorImpl.invoke(NativeMethodAccessorImpl.java:64)
	at java.base/jdk.internal.reflect.DelegatingMethodAccessorImpl.invoke(DelegatingMethodAccessorImpl.java:43)
	at java.base/java.lang.reflect.Method.invoke(Method.java:564)
	at org.testng.internal.MethodInvocationHelper.invokeMethod(MethodInvocationHelper.java:133)
	at org.testng.internal.TestInvoker.invokeMethod(TestInvoker.java:598)
	at org.testng.internal.TestInvoker.invokeTestMethod(TestInvoker.java:173)
	at org.testng.internal.MethodRunner.runInSequence(MethodRunner.java:46)
	at org.testng.internal.TestInvoker$MethodInvocationAgent.invoke(TestInvoker.java:824)
	at org.testng.internal.TestInvoker.invokeTestMethods(TestInvoker.java:146)
	at org.testng.internal.TestMethodWorker.invokeTestMethods(TestMethodWorker.java:146)
	at org.testng.internal.TestMethodWorker.run(TestMethodWorker.java:128)
	at java.base/java.util.ArrayList.forEach(ArrayList.java:1511)
	at org.testng.TestRunner.privateRun(TestRunner.java:794)
	at org.testng.TestRunner.run(TestRunner.java:596)
	at org.testng.SuiteRunner.runTest(SuiteRunner.java:377)
	at org.testng.SuiteRunner.access$000(SuiteRunner.java:28)
	at org.testng.SuiteRunner$SuiteWorker.run(SuiteRunner.java:418)
	at org.testng.internal.thread.ThreadUtil.lambda$execute$0(ThreadUtil.java:64)
	at java.base/java.util.concurrent.FutureTask.run(FutureTask.java:264)
	at java.base/java.util.concurrent.ThreadPoolExecutor.runWorker(ThreadPoolExecutor.java:1130)
	at java.base/java.util.concurrent.ThreadPoolExecutor$Worker.run(ThreadPoolExecutor.java:630)
	at java.base/java.lang.Thread.run(Thread.java:832)
</pre></div></td>
<td>0</td>
<td>PasswordManagerTests.RegistrationTest@52af26ee</td></tr>
</table><p>
<table width='100%' border='1' class='invocation-passed'>
<tr><td colspan='4' align='center'><b>PASSED TESTS</b></td></tr>
<tr><td><b>Test method</b></td>
<td width="30%"><b>Exception</b></td>
<td width="10%"><b>Time (seconds)</b></td>
<td><b>Instance</b></td>
</tr>
<tr>
<td title='PasswordManagerTests.RegistrationTest.Clicktest()'><b>Clicktest</b><br>Test class: PasswordManagerTests.RegistrationTest</td>
<td></td>
<td>0</td>
<td>PasswordManagerTests.RegistrationTest@52af26ee</td></tr>
<tr>
<td title='PasswordManagerTests.AddCredentialTest.InvalidLengthWebsiteData()'><b>InvalidLengthWebsiteData</b><br>Test class: PasswordManagerTests.AddCredentialTest</td>
<td></td>
<td>0</td>
<td>PasswordManagerTests.AddCredentialTest@209da20d</td></tr>
<tr>
<td title='PasswordManagerTests.RegistrationTest.emptyUsernameFieldTest()'><b>emptyUsernameFieldTest</b><br>Test class: PasswordManagerTests.RegistrationTest</td>
<td></td>
<td>0</td>
<td>PasswordManagerTests.RegistrationTest@52af26ee</td></tr>
<tr>
<td title='PasswordManagerTests.EditCredentialTest.UpdatePassword()'><b>UpdatePassword</b><br>Test class: PasswordManagerTests.EditCredentialTest</td>
<td></td>
<td>0</td>
<td>PasswordManagerTests.EditCredentialTest@1b2abca6</td></tr>
<tr>
<td title='PasswordManagerTests.AddCredentialTest.addValidData()'><b>addValidData</b><br>Test class: PasswordManagerTests.AddCredentialTest</td>
<td></td>
<td>0</td>
<td>PasswordManagerTests.AddCredentialTest@209da20d</td></tr>
<tr>
<td title='PasswordManagerTests.AddCredentialTest.InvalidUsernameLength()'><b>InvalidUsernameLength</b><br>Test class: PasswordManagerTests.AddCredentialTest</td>
<td></td>
<td>0</td>
<td>PasswordManagerTests.AddCredentialTest@209da20d</td></tr>
<tr>
<td title='PasswordManagerTests.AddCredentialTest.InvalidPasswordLength()'><b>InvalidPasswordLength</b><br>Test class: PasswordManagerTests.AddCredentialTest</td>
<td></td>
<td>0</td>
<td>PasswordManagerTests.AddCredentialTest@209da20d</td></tr>
<tr>
<td title='PasswordManagerTests.LoginTest.invalidPasswordTest()'><b>invalidPasswordTest</b><br>Test class: PasswordManagerTests.LoginTest</td>
<td></td>
<td>0</td>
<td>PasswordManagerTests.LoginTest@6fd83fc1</td></tr>
<tr>
<td title='PasswordManagerTests.AddCredentialTest.emptyWebsiteData()'><b>emptyWebsiteData</b><br>Test class: PasswordManagerTests.AddCredentialTest</td>
<td></td>
<td>0</td>
<td>PasswordManagerTests.AddCredentialTest@209da20d</td></tr>
<tr>
<td title='PasswordManagerTests.RegistrationTest.AlreadyExitTest()'><b>AlreadyExitTest</b><br>Test class: PasswordManagerTests.RegistrationTest</td>
<td></td>
<td>0</td>
<td>PasswordManagerTests.RegistrationTest@52af26ee</td></tr>
<tr>
<td title='PasswordManagerTests.RegistrationTest.invalidLengthPasswordLengthTest()'><b>invalidLengthPasswordLengthTest</b><br>Test class: PasswordManagerTests.RegistrationTest</td>
<td></td>
<td>0</td>
<td>PasswordManagerTests.RegistrationTest@52af26ee</td></tr>
<tr>
<td title='PasswordManagerTests.LoginTest.emptyPasswordFieldTest()'><b>emptyPasswordFieldTest</b><br>Test class: PasswordManagerTests.LoginTest</td>
<td></td>
<td>0</td>
<td>PasswordManagerTests.LoginTest@6fd83fc1</td></tr>
<tr>
<td title='PasswordManagerTests.RegistrationTest.invalidUserPassTest()'><b>invalidUserPassTest</b><br>Test class: PasswordManagerTests.RegistrationTest</td>
<td></td>
<td>0</td>
<td>PasswordManagerTests.RegistrationTest@52af26ee</td></tr>
<tr>
<td title='PasswordManagerTests.LoginTest.emptyUsernameFieldTest()'><b>emptyUsernameFieldTest</b><br>Test class: PasswordManagerTests.LoginTest</td>
<td></td>
<td>0</td>
<td>PasswordManagerTests.LoginTest@6fd83fc1</td></tr>
<tr>
<td title='PasswordManagerTests.EditCredentialTest.UpdateUsername()'><b>UpdateUsername</b><br>Test class: PasswordManagerTests.EditCredentialTest</td>
<td></td>
<td>0</td>
<td>PasswordManagerTests.EditCredentialTest@1b2abca6</td></tr>
<tr>
<td title='PasswordManagerTests.EditCredentialTest.UpdateWebsiteURL()'><b>UpdateWebsiteURL</b><br>Test class: PasswordManagerTests.EditCredentialTest</td>
<td></td>
<td>0</td>
<td>PasswordManagerTests.EditCredentialTest@1b2abca6</td></tr>
<tr>
<td title='PasswordManagerTests.AddCredentialTest.MaxLengthWebsiteData()'><b>MaxLengthWebsiteData</b><br>Test class: PasswordManagerTests.AddCredentialTest</td>
<td></td>
<td>0</td>
<td>PasswordManagerTests.AddCredentialTest@209da20d</td></tr>
<tr>
<td title='PasswordManagerTests.RegistrationTest.invalidUsernameLengthTest()'><b>invalidUsernameLengthTest</b><br>Test class: PasswordManagerTests.RegistrationTest</td>
<td></td>
<td>0</td>
<td>PasswordManagerTests.RegistrationTest@52af26ee</td></tr>
<tr>
<td title='PasswordManagerTests.LoginTest.ClickTest()'><b>ClickTest</b><br>Test class: PasswordManagerTests.LoginTest</td>
<td></td>
<td>0</td>
<td>PasswordManagerTests.LoginTest@6fd83fc1</td></tr>
<tr>
<td title='PasswordManagerTests.EditCredentialTest.ExceedLengthWebsiteData()'><b>ExceedLengthWebsiteData</b><br>Test class: PasswordManagerTests.EditCredentialTest</td>
<td></td>
<td>0</td>
<td>PasswordManagerTests.EditCredentialTest@1b2abca6</td></tr>
<tr>
<td title='PasswordManagerTests.RegistrationTest.invalidFullnameTest()'><b>invalidFullnameTest</b><br>Test class: PasswordManagerTests.RegistrationTest</td>
<td></td>
<td>0</td>
<td>PasswordManagerTests.RegistrationTest@52af26ee</td></tr>
<tr>
<td title='PasswordManagerTests.EditCredentialTest.MaxLengthWebsiteData()'><b>MaxLengthWebsiteData</b><br>Test class: PasswordManagerTests.EditCredentialTest</td>
<td></td>
<td>0</td>
<td>PasswordManagerTests.EditCredentialTest@1b2abca6</td></tr>
<tr>
<td title='PasswordManagerTests.EditCredentialTest.UpdateWebsiteData()'><b>UpdateWebsiteData</b><br>Test class: PasswordManagerTests.EditCredentialTest</td>
<td></td>
<td>0</td>
<td>PasswordManagerTests.EditCredentialTest@1b2abca6</td></tr>
<tr>
<td title='PasswordManagerTests.LoginTest.invalidUsernameTest()'><b>invalidUsernameTest</b><br>Test class: PasswordManagerTests.LoginTest</td>
<td></td>
<td>0</td>
<td>PasswordManagerTests.LoginTest@6fd83fc1</td></tr>
</table><p>
</body>
</html>