<?xml version="1.0" encoding="UTF-8"?>
<!-- Generated by org.testng.reporters.JUnitXMLReporter -->
<testsuite ignored="4" hostname="LAPTOP-E5JV7D1P" failures="1" tests="25" name="Test" time="20.646" errors="0" timestamp="2021-08-20T09:52:52 IST">
  <testcase classname="PasswordManagerTests.RegistrationTest" name="AlreadyExitTest" time="0.565"/>
  <testcase classname="PasswordManagerTests.LoginTest" name="ClickTest" time="0.146"/>
  <testcase classname="PasswordManagerTests.RegistrationTest" name="Clicktest" time="0.248"/>
  <testcase classname="PasswordManagerTests.AddCredentialTest" name="InvalidLengthWebsiteData" time="0.525"/>
  <testcase classname="PasswordManagerTests.AddCredentialTest" name="InvalidPasswordLength" time="0.438"/>
  <testcase classname="PasswordManagerTests.AddCredentialTest" name="InvalidUsernameLength" time="0.448"/>
  <testcase classname="PasswordManagerTests.AddCredentialTest" name="MaxLengthWebsiteData" time="0.382"/>
  <testcase classname="PasswordManagerTests.AddCredentialTest" name="addValidData" time="0.372"/>
  <testcase classname="PasswordManagerTests.RegistrationTest" name="emptyPasswordFieldTest" time="0.407">
    <failure type="java.lang.AssertionError" message="expected [true] but found [false]">
      <![CDATA[java.lang.AssertionError: expected [true] but found [false]
at PasswordManagerTests.RegistrationTest.emptyPasswordFieldTest(RegistrationTest.java:201)
at java.base/java.util.ArrayList.forEach(ArrayList.java:1511)
at java.base/java.util.concurrent.FutureTask.run(FutureTask.java:264)
at java.base/java.util.concurrent.ThreadPoolExecutor.runWorker(ThreadPoolExecutor.java:1130)
at java.base/java.util.concurrent.ThreadPoolExecutor$Worker.run(ThreadPoolExecutor.java:630)
at java.base/java.lang.Thread.run(Thread.java:832)
... Removed 22 stack frames]]>
    </failure>
  </testcase> <!-- emptyPasswordFieldTest -->
  <testcase classname="PasswordManagerTests.LoginTest" name="emptyPasswordFieldTest" time="0.284"/>
  <testcase classname="PasswordManagerTests.RegistrationTest" name="emptyUsernameFieldTest" time="0.598"/>
  <testcase classname="PasswordManagerTests.LoginTest" name="emptyUsernameFieldTest" time="0.321"/>
  <testcase classname="PasswordManagerTests.AddCredentialTest" name="emptyWebsiteData" time="0.344"/>
  <testcase classname="PasswordManagerTests.RegistrationTest" name="invalidFullnameTest" time="0.41"/>
  <testcase classname="PasswordManagerTests.RegistrationTest" name="invalidLengthPasswordLengthTest" time="0.464"/>
  <testcase classname="PasswordManagerTests.LoginTest" name="invalidPasswordTest" time="0.303"/>
  <testcase classname="PasswordManagerTests.RegistrationTest" name="invalidUserPassTest" time="0.553"/>
  <testcase classname="PasswordManagerTests.RegistrationTest" name="invalidUsernameLengthTest" time="0.462"/>
  <testcase classname="PasswordManagerTests.LoginTest" name="invalidUsernameTest" time="0.291"/>
  <testcase classname="PasswordManagerTests.EditCredentialTest" name="MaxLengthWebsiteData" time="0.575"/>
  <testcase classname="PasswordManagerTests.EditCredentialTest" name="ExceedLengthWebsiteData" time="0.594"/>
  <testcase classname="PasswordManagerTests.EditCredentialTest" name="UpdateWebsiteData" time="0.572"/>
  <testcase classname="PasswordManagerTests.EditCredentialTest" name="UpdateUsername" time="0.576"/>
  <testcase classname="PasswordManagerTests.EditCredentialTest" name="UpdatePassword" time="0.58"/>
  <testcase classname="PasswordManagerTests.EditCredentialTest" name="UpdateWebsiteURL" time="0.577"/>
  <testcase classname="TestSuiteOnExtentReport.BeforeAfterSuiteRepresent" name="@BeforeSuite setUp" time="0.0">
    <ignored/>
  </testcase> <!-- @BeforeSuite setUp -->
  <testcase classname="TestSuiteOnExtentReport.BeforeAfterSuiteRepresent" name="@BeforeSuite setUp" time="0.0">
    <ignored/>
  </testcase> <!-- @BeforeSuite setUp -->
  <testcase classname="TestSuiteOnExtentReport.BeforeAfterSuiteRepresent" name="@BeforeSuite setUp" time="0.0">
    <ignored/>
  </testcase> <!-- @BeforeSuite setUp -->
  <testcase classname="TestSuiteOnExtentReport.BeforeAfterSuiteRepresent" name="@BeforeSuite setUp" time="0.0">
    <ignored/>
  </testcase> <!-- @BeforeSuite setUp -->
</testsuite> <!-- Test -->
